# JRE version: OpenJDK Runtime Environment (8.0_152-b01) (build 1.8.0_152-release-1248-b01)
# Java VM: OpenJDK 64-Bit Server VM (25.152-b01 mixed mode windows-amd64 compressed oops)
Heap:
 PSYoungGen      total 265216K, used 9090K [0x00000000e0000000, 0x00000000f3f00000, 0x0000000100000000)
  eden space 235520K, 3% used [0x00000000e0000000,0x00000000e08e0b98,0x00000000ee600000)
  from space 29696K, 0% used [0x00000000ee600000,0x00000000ee600000,0x00000000f0300000)
  to   space 26112K, 69% used [0x00000000f0300000,0x00000000f149f210,0x00000000f1c80000)
 ParOldGen       total 105984K, used 105629K [0x00000000a0000000, 0x00000000a6780000, 0x00000000e0000000)
  object space 105984K, 99% used [0x00000000a0000000,0x00000000a6727600,0x00000000a6780000)
 Metaspace       used 92676K, capacity 95303K, committed 95636K, reserved 1132544K
  class space    used 11785K, capacity 12343K, committed 12476K, reserved 1048576K
GC Heap History (10 events):
Event: 531.651 GC heap before
{Heap before GC invocations=24 (full 3):
 PSYoungGen      total 239104K, used 232917K [0x00000000e0000000, 0x00000000f0600000, 0x0000000100000000)
  eden space 216064K, 100% used [0x00000000e0000000,0x00000000ed300000,0x00000000ed300000)
  from space 23040K, 73% used [0x00000000eef80000,0x00000000efff56f8,0x00000000f0600000)
  to   space 26112K, 0% used [0x00000000ed300000,0x00000000ed300000,0x00000000eec80000)
 ParOldGen       total 99328K, used 44245K [0x00000000a0000000, 0x00000000a6100000, 0x00000000e0000000)
  object space 99328K, 44% used [0x00000000a0000000,0x00000000a2b35608,0x00000000a6100000)
 Metaspace       used 78105K, capacity 79975K, committed 80276K, reserved 1118208K
  class space    used 10114K, capacity 10589K, committed 10684K, reserved 1048576K
Event: 531.696 GC heap after
Heap after GC invocations=24 (full 3):
 PSYoungGen      total 242176K, used 15304K [0x00000000e0000000, 0x00000000f1c80000, 0x0000000100000000)
  eden space 216064K, 0% used [0x00000000e0000000,0x00000000e0000000,0x00000000ed300000)
  from space 26112K, 58% used [0x00000000ed300000,0x00000000ee1f2130,0x00000000eec80000)
  to   space 26112K, 0% used [0x00000000f0300000,0x00000000f0300000,0x00000000f1c80000)
 ParOldGen       total 99328K, used 44253K [0x00000000a0000000, 0x00000000a6100000, 0x00000000e0000000)
  object space 99328K, 44% used [0x00000000a0000000,0x00000000a2b37608,0x00000000a6100000)
 Metaspace       used 78105K, capacity 79975K, committed 80276K, reserved 1118208K
  class space    used 10114K, capacity 10589K, committed 10684K, reserved 1048576K
}
Event: 535.365 GC heap before
{Heap before GC invocations=25 (full 3):
 PSYoungGen      total 242176K, used 231368K [0x00000000e0000000, 0x00000000f1c80000, 0x0000000100000000)
  eden space 216064K, 100% used [0x00000000e0000000,0x00000000ed300000,0x00000000ed300000)
  from space 26112K, 58% used [0x00000000ed300000,0x00000000ee1f2130,0x00000000eec80000)
  to   space 26112K, 0% used [0x00000000f0300000,0x00000000f0300000,0x00000000f1c80000)
 ParOldGen       total 99328K, used 44253K [0x00000000a0000000, 0x00000000a6100000, 0x00000000e0000000)
  object space 99328K, 44% used [0x00000000a0000000,0x00000000a2b37608,0x00000000a6100000)
 Metaspace       used 82164K, capacity 84103K, committed 84372K, reserved 1122304K
  class space    used 10622K, capacity 11133K, committed 11196K, reserved 1048576K
Event: 535.609 GC heap after
Heap after GC invocations=25 (full 3):
 PSYoungGen      total 261632K, used 24522K [0x00000000e0000000, 0x00000000f3f00000, 0x0000000100000000)
  eden space 235520K, 0% used [0x00000000e0000000,0x00000000e0000000,0x00000000ee600000)
  from space 26112K, 93% used [0x00000000f0300000,0x00000000f1af28a0,0x00000000f1c80000)
  to   space 29696K, 0% used [0x00000000ee600000,0x00000000ee600000,0x00000000f0300000)
 ParOldGen       total 99328K, used 44261K [0x00000000a0000000, 0x00000000a6100000, 0x00000000e0000000)
  object space 99328K, 44% used [0x00000000a0000000,0x00000000a2b39608,0x00000000a6100000)
 Metaspace       used 82164K, capacity 84103K, committed 84372K, reserved 1122304K
  class space    used 10622K, capacity 11133K, committed 11196K, reserved 1048576K
}
Event: 547.689 GC heap before
{Heap before GC invocations=26 (full 3):
 PSYoungGen      total 261632K, used 260042K [0x00000000e0000000, 0x00000000f3f00000, 0x0000000100000000)
  eden space 235520K, 100% used [0x00000000e0000000,0x00000000ee600000,0x00000000ee600000)
  from space 26112K, 93% used [0x00000000f0300000,0x00000000f1af28a0,0x00000000f1c80000)
  to   space 29696K, 0% used [0x00000000ee600000,0x00000000ee600000,0x00000000f0300000)
 ParOldGen       total 99328K, used 44261K [0x00000000a0000000, 0x00000000a6100000, 0x00000000e0000000)
  object space 99328K, 44% used [0x00000000a0000000,0x00000000a2b39608,0x00000000a6100000)
 Metaspace       used 91894K, capacity 94573K, committed 94868K, reserved 1132544K
  class space    used 11772K, capacity 12336K, committed 12476K, reserved 1048576K
Event: 547.826 GC heap after
Heap after GC invocations=26 (full 3):
 PSYoungGen      total 265216K, used 29683K [0x00000000e0000000, 0x00000000f3f00000, 0x0000000100000000)
  eden space 235520K, 0% used [0x00000000e0000000,0x00000000e0000000,0x00000000ee600000)
  from space 29696K, 99% used [0x00000000ee600000,0x00000000f02fcc38,0x00000000f0300000)
  to   space 26112K, 0% used [0x00000000f0300000,0x00000000f0300000,0x00000000f1c80000)
 ParOldGen       total 99328K, used 61694K [0x00000000a0000000, 0x00000000a6100000, 0x00000000e0000000)
  object space 99328K, 62% used [0x00000000a0000000,0x00000000a3c3f868,0x00000000a6100000)
 Metaspace       used 91894K, capacity 94573K, committed 94868K, reserved 1132544K
  class space    used 11772K, capacity 12336K, committed 12476K, reserved 1048576K
}
Event: 550.012 GC heap before
{Heap before GC invocations=27 (full 3):
 PSYoungGen      total 265216K, used 265203K [0x00000000e0000000, 0x00000000f3f00000, 0x0000000100000000)
  eden space 235520K, 100% used [0x00000000e0000000,0x00000000ee600000,0x00000000ee600000)
  from space 29696K, 99% used [0x00000000ee600000,0x00000000f02fcc38,0x00000000f0300000)
  to   space 26112K, 0% used [0x00000000f0300000,0x00000000f0300000,0x00000000f1c80000)
 ParOldGen       total 99328K, used 61694K [0x00000000a0000000, 0x00000000a6100000, 0x00000000e0000000)
  object space 99328K, 62% used [0x00000000a0000000,0x00000000a3c3f868,0x00000000a6100000)
 Metaspace       used 92711K, capacity 95415K, committed 95636K, reserved 1132544K
  class space    used 11799K, capacity 12369K, committed 12476K, reserved 1048576K
Event: 550.342 GC heap after
Heap after GC invocations=27 (full 3):
 PSYoungGen      total 265216K, used 265203K [0x00000000e0000000, 0x00000000f3f00000, 0x0000000100000000)
  eden space 235520K, 100% used [0x00000000e0000000,0x00000000ee600000,0x00000000ee600000)
  from space 29696K, 99% used [0x00000000ee600000,0x00000000f02fcc38,0x00000000f0300000)
  to   space 26112K, 99% used [0x00000000f0300000,0x00000000f1c7bd30,0x00000000f1c80000)
 ParOldGen       total 105984K, used 105576K [0x00000000a0000000, 0x00000000a6780000, 0x00000000e0000000)
  object space 105984K, 99% used [0x00000000a0000000,0x00000000a671a340,0x00000000a6780000)
 Metaspace       used 92711K, capacity 95415K, committed 95636K, reserved 1132544K
  class space    used 11799K, capacity 12369K, committed 12476K, reserved 1048576K
}
Event: 550.343 GC heap before
{Heap before GC invocations=28 (full 4):
 PSYoungGen      total 265216K, used 265203K [0x00000000e0000000, 0x00000000f3f00000, 0x0000000100000000)
  eden space 235520K, 100% used [0x00000000e0000000,0x00000000ee600000,0x00000000ee600000)
  from space 29696K, 99% used [0x00000000ee600000,0x00000000f02fcc38,0x00000000f0300000)
  to   space 26112K, 99% used [0x00000000f0300000,0x00000000f1c7bd30,0x00000000f1c80000)
 ParOldGen       total 105984K, used 105576K [0x00000000a0000000, 0x00000000a6780000, 0x00000000e0000000)
  object space 105984K, 99% used [0x00000000a0000000,0x00000000a671a340,0x00000000a6780000)
 Metaspace       used 92711K, capacity 95415K, committed 95636K, reserved 1132544K
  class space    used 11799K, capacity 12369K, committed 12476K, reserved 1048576K
Event: 551.718 GC heap after
Heap after GC invocations=28 (full 4):
 PSYoungGen      total 265216K, used 0K [0x00000000e0000000, 0x00000000f3f00000, 0x0000000100000000)
  eden space 235520K, 0% used [0x00000000e0000000,0x00000000e0000000,0x00000000ee600000)
  from space 29696K, 0% used [0x00000000ee600000,0x00000000ee600000,0x00000000f0300000)
  to   space 26112K, 69% used [0x00000000f0300000,0x00000000f149f210,0x00000000f1c80000)
 ParOldGen       total 105984K, used 105629K [0x00000000a0000000, 0x00000000a6780000, 0x00000000e0000000)
  object space 105984K, 99% used [0x00000000a0000000,0x00000000a6727600,0x00000000a6780000)
 Metaspace       used 92668K, capacity 95299K, committed 95636K, reserved 1132544K
  class space    used 11784K, capacity 12343K, committed 12476K, reserved 1048576K
}

